<?xml version="1.0" encoding="UTF-8"?>
<testng-results ignored="0" total="15" passed="15" failed="0" skipped="0">
  <reporter-output>
  </reporter-output>
  <suite started-at="2023-07-26T23:07:12 IST" name="Default suite" finished-at="2023-07-26T23:10:32 IST" duration-ms="200488">
    <groups>
    </groups>
    <test started-at="2023-07-26T23:07:12 IST" name="Default test" finished-at="2023-07-26T23:10:32 IST" duration-ms="200488">
      <class name="AdminTests.LoginTests">
        <test-method is-config="true" signature="beforeMethod()[pri:0, instance:AdminTests.LoginTests@a38c7fe]" started-at="2023-07-26T23:07:12 IST" name="beforeMethod" finished-at="2023-07-26T23:07:17 IST" duration-ms="4667" status="PASS">
          <reporter-output>
          </reporter-output>
        </test-method> <!-- beforeMethod -->
        <test-method signature="userCanAbleSeeTheCatagories()[pri:0, instance:AdminTests.LoginTests@a38c7fe]" started-at="2023-07-26T23:07:17 IST" name="userCanAbleSeeTheCatagories" finished-at="2023-07-26T23:07:33 IST" duration-ms="16490" status="PASS">
          <reporter-output>
          </reporter-output>
        </test-method> <!-- userCanAbleSeeTheCatagories -->
        <test-method is-config="true" signature="afterMethod()[pri:0, instance:AdminTests.LoginTests@a38c7fe]" started-at="2023-07-26T23:07:33 IST" name="afterMethod" finished-at="2023-07-26T23:07:34 IST" duration-ms="467" status="PASS">
          <reporter-output>
          </reporter-output>
        </test-method> <!-- afterMethod -->
        <test-method is-config="true" signature="beforeMethod()[pri:0, instance:AdminTests.LoginTests@a38c7fe]" started-at="2023-07-26T23:07:34 IST" name="beforeMethod" finished-at="2023-07-26T23:07:37 IST" duration-ms="3490" status="PASS">
          <reporter-output>
          </reporter-output>
        </test-method> <!-- beforeMethod -->
        <test-method signature="userCanAbleSeeTheDashBoard()[pri:0, instance:AdminTests.LoginTests@a38c7fe]" started-at="2023-07-26T23:07:37 IST" name="userCanAbleSeeTheDashBoard" finished-at="2023-07-26T23:07:44 IST" duration-ms="7146" status="PASS">
          <reporter-output>
          </reporter-output>
        </test-method> <!-- userCanAbleSeeTheDashBoard -->
        <test-method is-config="true" signature="afterMethod()[pri:0, instance:AdminTests.LoginTests@a38c7fe]" started-at="2023-07-26T23:07:44 IST" name="afterMethod" finished-at="2023-07-26T23:07:45 IST" duration-ms="427" status="PASS">
          <reporter-output>
          </reporter-output>
        </test-method> <!-- afterMethod -->
        <test-method is-config="true" signature="beforeMethod()[pri:0, instance:AdminTests.LoginTests@a38c7fe]" started-at="2023-07-26T23:07:45 IST" name="beforeMethod" finished-at="2023-07-26T23:07:48 IST" duration-ms="2915" status="PASS">
          <reporter-output>
          </reporter-output>
        </test-method> <!-- beforeMethod -->
        <test-method signature="userCanAbleSeeTheSalesAndOrders()[pri:0, instance:AdminTests.LoginTests@a38c7fe]" started-at="2023-07-26T23:07:48 IST" name="userCanAbleSeeTheSalesAndOrders" finished-at="2023-07-26T23:07:56 IST" duration-ms="8895" status="PASS">
          <reporter-output>
          </reporter-output>
        </test-method> <!-- userCanAbleSeeTheSalesAndOrders -->
        <test-method is-config="true" signature="afterMethod()[pri:0, instance:AdminTests.LoginTests@a38c7fe]" started-at="2023-07-26T23:07:56 IST" name="afterMethod" finished-at="2023-07-26T23:07:57 IST" duration-ms="436" status="PASS">
          <reporter-output>
          </reporter-output>
        </test-method> <!-- afterMethod -->
        <test-method is-config="true" signature="beforeMethod()[pri:0, instance:AdminTests.LoginTests@a38c7fe]" started-at="2023-07-26T23:07:57 IST" name="beforeMethod" finished-at="2023-07-26T23:08:01 IST" duration-ms="3658" status="PASS">
          <reporter-output>
          </reporter-output>
        </test-method> <!-- beforeMethod -->
        <test-method signature="userCanAbleTheAddNewCustomers()[pri:0, instance:AdminTests.LoginTests@a38c7fe]" started-at="2023-07-26T23:08:01 IST" name="userCanAbleTheAddNewCustomers" finished-at="2023-07-26T23:08:16 IST" duration-ms="15155" status="PASS">
          <reporter-output>
          </reporter-output>
        </test-method> <!-- userCanAbleTheAddNewCustomers -->
        <test-method is-config="true" signature="afterMethod()[pri:0, instance:AdminTests.LoginTests@a38c7fe]" started-at="2023-07-26T23:08:16 IST" name="afterMethod" finished-at="2023-07-26T23:08:16 IST" duration-ms="365" status="PASS">
          <reporter-output>
          </reporter-output>
        </test-method> <!-- afterMethod -->
        <test-method is-config="true" signature="beforeMethod()[pri:0, instance:AdminTests.LoginTests@a38c7fe]" started-at="2023-07-26T23:08:16 IST" name="beforeMethod" finished-at="2023-07-26T23:08:19 IST" duration-ms="3109" status="PASS">
          <reporter-output>
          </reporter-output>
        </test-method> <!-- beforeMethod -->
        <test-method signature="userCanAbleTheConfiguration()[pri:0, instance:AdminTests.LoginTests@a38c7fe]" started-at="2023-07-26T23:08:19 IST" name="userCanAbleTheConfiguration" finished-at="2023-07-26T23:08:28 IST" duration-ms="9083" status="PASS">
          <reporter-output>
          </reporter-output>
        </test-method> <!-- userCanAbleTheConfiguration -->
        <test-method is-config="true" signature="afterMethod()[pri:0, instance:AdminTests.LoginTests@a38c7fe]" started-at="2023-07-26T23:08:28 IST" name="afterMethod" finished-at="2023-07-26T23:08:29 IST" duration-ms="414" status="PASS">
          <reporter-output>
          </reporter-output>
        </test-method> <!-- afterMethod -->
        <test-method is-config="true" signature="beforeMethod()[pri:0, instance:AdminTests.LoginTests@a38c7fe]" started-at="2023-07-26T23:08:29 IST" name="beforeMethod" finished-at="2023-07-26T23:08:32 IST" duration-ms="2989" status="PASS">
          <reporter-output>
          </reporter-output>
        </test-method> <!-- beforeMethod -->
        <test-method signature="userCanAbleTheContentMengement()[pri:0, instance:AdminTests.LoginTests@a38c7fe]" started-at="2023-07-26T23:08:32 IST" name="userCanAbleTheContentMengement" finished-at="2023-07-26T23:08:39 IST" duration-ms="7814" status="PASS">
          <reporter-output>
          </reporter-output>
        </test-method> <!-- userCanAbleTheContentMengement -->
        <test-method is-config="true" signature="afterMethod()[pri:0, instance:AdminTests.LoginTests@a38c7fe]" started-at="2023-07-26T23:08:39 IST" name="afterMethod" finished-at="2023-07-26T23:08:40 IST" duration-ms="361" status="PASS">
          <reporter-output>
          </reporter-output>
        </test-method> <!-- afterMethod -->
        <test-method is-config="true" signature="beforeMethod()[pri:0, instance:AdminTests.LoginTests@a38c7fe]" started-at="2023-07-26T23:08:40 IST" name="beforeMethod" finished-at="2023-07-26T23:08:43 IST" duration-ms="2688" status="PASS">
          <reporter-output>
          </reporter-output>
        </test-method> <!-- beforeMethod -->
        <test-method signature="userCanAbleTheCustomerReports()[pri:0, instance:AdminTests.LoginTests@a38c7fe]" started-at="2023-07-26T23:08:43 IST" name="userCanAbleTheCustomerReports" finished-at="2023-07-26T23:08:51 IST" duration-ms="8059" status="PASS">
          <reporter-output>
          </reporter-output>
        </test-method> <!-- userCanAbleTheCustomerReports -->
        <test-method is-config="true" signature="afterMethod()[pri:0, instance:AdminTests.LoginTests@a38c7fe]" started-at="2023-07-26T23:08:51 IST" name="afterMethod" finished-at="2023-07-26T23:08:51 IST" duration-ms="366" status="PASS">
          <reporter-output>
          </reporter-output>
        </test-method> <!-- afterMethod -->
        <test-method is-config="true" signature="beforeMethod()[pri:0, instance:AdminTests.LoginTests@a38c7fe]" started-at="2023-07-26T23:08:51 IST" name="beforeMethod" finished-at="2023-07-26T23:08:54 IST" duration-ms="2762" status="PASS">
          <reporter-output>
          </reporter-output>
        </test-method> <!-- beforeMethod -->
        <test-method signature="userCanAbleTheHelps()[pri:0, instance:AdminTests.LoginTests@a38c7fe]" started-at="2023-07-26T23:08:54 IST" name="userCanAbleTheHelps" finished-at="2023-07-26T23:09:02 IST" duration-ms="8258" status="PASS">
          <reporter-output>
          </reporter-output>
        </test-method> <!-- userCanAbleTheHelps -->
        <test-method is-config="true" signature="afterMethod()[pri:0, instance:AdminTests.LoginTests@a38c7fe]" started-at="2023-07-26T23:09:02 IST" name="afterMethod" finished-at="2023-07-26T23:09:02 IST" duration-ms="416" status="PASS">
          <reporter-output>
          </reporter-output>
        </test-method> <!-- afterMethod -->
        <test-method is-config="true" signature="beforeMethod()[pri:0, instance:AdminTests.LoginTests@a38c7fe]" started-at="2023-07-26T23:09:02 IST" name="beforeMethod" finished-at="2023-07-26T23:09:05 IST" duration-ms="2823" status="PASS">
          <reporter-output>
          </reporter-output>
        </test-method> <!-- beforeMethod -->
        <test-method signature="userCanAbleTheOnlineCustomers()[pri:0, instance:AdminTests.LoginTests@a38c7fe]" started-at="2023-07-26T23:09:05 IST" name="userCanAbleTheOnlineCustomers" finished-at="2023-07-26T23:09:23 IST" duration-ms="18251" status="PASS">
          <reporter-output>
          </reporter-output>
        </test-method> <!-- userCanAbleTheOnlineCustomers -->
        <test-method is-config="true" signature="afterMethod()[pri:0, instance:AdminTests.LoginTests@a38c7fe]" started-at="2023-07-26T23:09:23 IST" name="afterMethod" finished-at="2023-07-26T23:09:24 IST" duration-ms="379" status="PASS">
          <reporter-output>
          </reporter-output>
        </test-method> <!-- afterMethod -->
        <test-method is-config="true" signature="beforeMethod()[pri:0, instance:AdminTests.LoginTests@a38c7fe]" started-at="2023-07-26T23:09:24 IST" name="beforeMethod" finished-at="2023-07-26T23:09:28 IST" duration-ms="3638" status="PASS">
          <reporter-output>
          </reporter-output>
        </test-method> <!-- beforeMethod -->
        <test-method signature="userCanAbleThePromotionsAndDiscounts()[pri:0, instance:AdminTests.LoginTests@a38c7fe]" started-at="2023-07-26T23:09:28 IST" name="userCanAbleThePromotionsAndDiscounts" finished-at="2023-07-26T23:09:35 IST" duration-ms="7922" status="PASS">
          <reporter-output>
          </reporter-output>
        </test-method> <!-- userCanAbleThePromotionsAndDiscounts -->
        <test-method is-config="true" signature="afterMethod()[pri:0, instance:AdminTests.LoginTests@a38c7fe]" started-at="2023-07-26T23:09:35 IST" name="afterMethod" finished-at="2023-07-26T23:09:36 IST" duration-ms="329" status="PASS">
          <reporter-output>
          </reporter-output>
        </test-method> <!-- afterMethod -->
        <test-method is-config="true" signature="beforeMethod()[pri:0, instance:AdminTests.LoginTests@a38c7fe]" started-at="2023-07-26T23:09:36 IST" name="beforeMethod" finished-at="2023-07-26T23:09:40 IST" duration-ms="3766" status="PASS">
          <reporter-output>
          </reporter-output>
        </test-method> <!-- beforeMethod -->
        <test-method signature="userCanAbleTheReports()[pri:0, instance:AdminTests.LoginTests@a38c7fe]" started-at="2023-07-26T23:09:40 IST" name="userCanAbleTheReports" finished-at="2023-07-26T23:09:48 IST" duration-ms="8335" status="PASS">
          <reporter-output>
          </reporter-output>
        </test-method> <!-- userCanAbleTheReports -->
        <test-method is-config="true" signature="afterMethod()[pri:0, instance:AdminTests.LoginTests@a38c7fe]" started-at="2023-07-26T23:09:48 IST" name="afterMethod" finished-at="2023-07-26T23:09:48 IST" duration-ms="395" status="PASS">
          <reporter-output>
          </reporter-output>
        </test-method> <!-- afterMethod -->
        <test-method is-config="true" signature="beforeMethod()[pri:0, instance:AdminTests.LoginTests@a38c7fe]" started-at="2023-07-26T23:09:48 IST" name="beforeMethod" finished-at="2023-07-26T23:09:51 IST" duration-ms="2582" status="PASS">
          <reporter-output>
          </reporter-output>
        </test-method> <!-- beforeMethod -->
        <test-method signature="userCanAbleTheSearchTheCustomers()[pri:0, instance:AdminTests.LoginTests@a38c7fe]" started-at="2023-07-26T23:09:51 IST" name="userCanAbleTheSearchTheCustomers" finished-at="2023-07-26T23:09:59 IST" duration-ms="8550" status="PASS">
          <reporter-output>
          </reporter-output>
        </test-method> <!-- userCanAbleTheSearchTheCustomers -->
        <test-method is-config="true" signature="afterMethod()[pri:0, instance:AdminTests.LoginTests@a38c7fe]" started-at="2023-07-26T23:09:59 IST" name="afterMethod" finished-at="2023-07-26T23:10:00 IST" duration-ms="308" status="PASS">
          <reporter-output>
          </reporter-output>
        </test-method> <!-- afterMethod -->
        <test-method is-config="true" signature="beforeMethod()[pri:0, instance:AdminTests.LoginTests@a38c7fe]" started-at="2023-07-26T23:10:00 IST" name="beforeMethod" finished-at="2023-07-26T23:10:02 IST" duration-ms="2731" status="PASS">
          <reporter-output>
          </reporter-output>
        </test-method> <!-- beforeMethod -->
        <test-method signature="userCanAbleTheSystem()[pri:0, instance:AdminTests.LoginTests@a38c7fe]" started-at="2023-07-26T23:10:02 IST" name="userCanAbleTheSystem" finished-at="2023-07-26T23:10:10 IST" duration-ms="8015" status="PASS">
          <reporter-output>
          </reporter-output>
        </test-method> <!-- userCanAbleTheSystem -->
        <test-method is-config="true" signature="afterMethod()[pri:0, instance:AdminTests.LoginTests@a38c7fe]" started-at="2023-07-26T23:10:10 IST" name="afterMethod" finished-at="2023-07-26T23:10:11 IST" duration-ms="404" status="PASS">
          <reporter-output>
          </reporter-output>
        </test-method> <!-- afterMethod -->
        <test-method is-config="true" signature="beforeMethod()[pri:0, instance:AdminTests.LoginTests@a38c7fe]" started-at="2023-07-26T23:10:11 IST" name="beforeMethod" finished-at="2023-07-26T23:10:14 IST" duration-ms="3065" status="PASS">
          <reporter-output>
          </reporter-output>
        </test-method> <!-- beforeMethod -->
        <test-method signature="userCanAbleTheVendors()[pri:0, instance:AdminTests.LoginTests@a38c7fe]" started-at="2023-07-26T23:10:14 IST" name="userCanAbleTheVendors" finished-at="2023-07-26T23:10:22 IST" duration-ms="8064" status="PASS">
          <reporter-output>
          </reporter-output>
        </test-method> <!-- userCanAbleTheVendors -->
        <test-method is-config="true" signature="afterMethod()[pri:0, instance:AdminTests.LoginTests@a38c7fe]" started-at="2023-07-26T23:10:22 IST" name="afterMethod" finished-at="2023-07-26T23:10:22 IST" duration-ms="399" status="PASS">
          <reporter-output>
          </reporter-output>
        </test-method> <!-- afterMethod -->
        <test-method is-config="true" signature="beforeMethod()[pri:0, instance:AdminTests.LoginTests@a38c7fe]" started-at="2023-07-26T23:10:22 IST" name="beforeMethod" finished-at="2023-07-26T23:10:25 IST" duration-ms="2803" status="PASS">
          <reporter-output>
          </reporter-output>
        </test-method> <!-- beforeMethod -->
        <test-method signature="verifyAdminIsLoginWithValidCred()[pri:0, instance:AdminTests.LoginTests@a38c7fe]" started-at="2023-07-26T23:10:25 IST" name="verifyAdminIsLoginWithValidCred" finished-at="2023-07-26T23:10:32 IST" duration-ms="6837" status="PASS">
          <reporter-output>
          </reporter-output>
        </test-method> <!-- verifyAdminIsLoginWithValidCred -->
        <test-method is-config="true" signature="afterMethod()[pri:0, instance:AdminTests.LoginTests@a38c7fe]" started-at="2023-07-26T23:10:32 IST" name="afterMethod" finished-at="2023-07-26T23:10:32 IST" duration-ms="303" status="PASS">
          <reporter-output>
          </reporter-output>
        </test-method> <!-- afterMethod -->
      </class> <!-- AdminTests.LoginTests -->
    </test> <!-- Default test -->
  </suite> <!-- Default suite -->
</testng-results>
