<?xml version="1.0" encoding="UTF-8"?>
<!-- Generated by org.testng.reporters.JUnitXMLReporter -->
<testsuite ignored="0" hostname="Kalidoss" failures="0" tests="15" name="Default test" time="200.488" errors="0" timestamp="2023-07-26T23:10:32 IST">
  <testcase classname="AdminTests.LoginTests" name="userCanAbleSeeTheCatagories" time="16.49"/>
  <testcase classname="AdminTests.LoginTests" name="userCanAbleSeeTheDashBoard" time="7.146"/>
  <testcase classname="AdminTests.LoginTests" name="userCanAbleSeeTheSalesAndOrders" time="8.895"/>
  <testcase classname="AdminTests.LoginTests" name="userCanAbleTheAddNewCustomers" time="15.155"/>
  <testcase classname="AdminTests.LoginTests" name="userCanAbleTheConfiguration" time="9.083"/>
  <testcase classname="AdminTests.LoginTests" name="userCanAbleTheContentMengement" time="7.814"/>
  <testcase classname="AdminTests.LoginTests" name="userCanAbleTheCustomerReports" time="8.059"/>
  <testcase classname="AdminTests.LoginTests" name="userCanAbleTheHelps" time="8.258"/>
  <testcase classname="AdminTests.LoginTests" name="userCanAbleTheOnlineCustomers" time="18.251"/>
  <testcase classname="AdminTests.LoginTests" name="userCanAbleThePromotionsAndDiscounts" time="7.922"/>
  <testcase classname="AdminTests.LoginTests" name="userCanAbleTheReports" time="8.335"/>
  <testcase classname="AdminTests.LoginTests" name="userCanAbleTheSearchTheCustomers" time="8.55"/>
  <testcase classname="AdminTests.LoginTests" name="userCanAbleTheSystem" time="8.015"/>
  <testcase classname="AdminTests.LoginTests" name="userCanAbleTheVendors" time="8.064"/>
  <testcase classname="AdminTests.LoginTests" name="verifyAdminIsLoginWithValidCred" time="6.837"/>
</testsuite> <!-- Default test -->
